\BOOKMARK [0][-]{chapter.1}{\376\377\000I\000n\000t\000r\000o\000d\000u\000c\000t\000i\000o\000n}{}% 1
\BOOKMARK [1][-]{section.1.1}{\376\377\000I\000n\000s\000t\000a\000l\000l\000a\000t\000i\000o\000n}{chapter.1}% 2
\BOOKMARK [0][-]{chapter.2}{\376\377\000M\000o\000d\000u\000l\000e\000\040\000r\000c\000p\000y}{}% 3
\BOOKMARK [1][-]{section.2.1}{\376\377\000C\000o\000n\000s\000t\000a\000n\000t\000s}{chapter.2}% 4
\BOOKMARK [1][-]{section.2.2}{\376\377\000L\000o\000w\000-\000l\000e\000v\000e\000l\000\040\000f\000u\000n\000c\000t\000i\000o\000n\000s}{chapter.2}% 5
\BOOKMARK [0][-]{chapter.3}{\376\377\000M\000o\000d\000u\000l\000e\000\040\000r\000c\000p\000y\000.\000g\000p\000i\000o}{}% 6
\BOOKMARK [1][-]{section.3.1}{\376\377\000C\000o\000n\000s\000t\000a\000n\000t\000s}{chapter.3}% 7
\BOOKMARK [1][-]{section.3.2}{\376\377\000C\000l\000a\000s\000s\000e\000s}{chapter.3}% 8
\BOOKMARK [1][-]{section.3.3}{\376\377\000L\000o\000w\000-\000l\000e\000v\000e\000l\000\040\000f\000u\000n\000c\000t\000i\000o\000n\000s}{chapter.3}% 9
\BOOKMARK [0][-]{chapter.4}{\376\377\000M\000o\000d\000u\000l\000e\000\040\000r\000c\000p\000y\000.\000b\000u\000t\000t\000o\000n}{}% 10
\BOOKMARK [1][-]{section.4.1}{\376\377\000C\000o\000n\000s\000t\000a\000n\000t\000s}{chapter.4}% 11
\BOOKMARK [1][-]{section.4.2}{\376\377\000C\000l\000a\000s\000s\000e\000s}{chapter.4}% 12
\BOOKMARK [0][-]{chapter.5}{\376\377\000M\000o\000d\000u\000l\000e\000\040\000r\000c\000p\000y\000.\000l\000e\000d}{}% 13
\BOOKMARK [1][-]{section.5.1}{\376\377\000C\000o\000n\000s\000t\000a\000n\000t\000s}{chapter.5}% 14
\BOOKMARK [1][-]{section.5.2}{\376\377\000C\000l\000a\000s\000s\000e\000s}{chapter.5}% 15
\BOOKMARK [0][-]{chapter.6}{\376\377\000M\000o\000d\000u\000l\000e\000\040\000r\000c\000p\000y\000.\000e\000n\000c\000o\000d\000e\000r}{}% 16
\BOOKMARK [0][-]{chapter.7}{\376\377\000M\000o\000d\000u\000l\000e\000\040\000r\000c\000p\000y\000.\000m\000p\000u\0009\0002\0005\0000}{}% 17
\BOOKMARK [0][-]{chapter.8}{\376\377\000M\000o\000d\000u\000l\000e\000\040\000r\000c\000p\000y\000.\000m\000o\000t\000o\000r}{}% 18
\BOOKMARK [0][-]{chapter.9}{\376\377\000I\000n\000d\000i\000c\000e\000s\000\040\000a\000n\000d\000\040\000t\000a\000b\000l\000e\000s}{}% 19
\BOOKMARK [0][-]{section*.64}{\376\377\000P\000y\000t\000h\000o\000n\000\040\000M\000o\000d\000u\000l\000e\000\040\000I\000n\000d\000e\000x}{}% 20
\BOOKMARK [0][-]{section*.65}{\376\377\000I\000n\000d\000e\000x}{}% 21
